{"/Users/casewylie/Playground/CacheApp/frontend/Cache/index.js": {"path":"/Users/casewylie/Playground/CacheApp/frontend/Cache/index.js","statementMap":{"0":{"start":{"line":11,"column":0},"end":{"line":11,"column":16}},"1":{"start":{"line":12,"column":19},"end":{"line":12,"column":28}},"2":{"start":{"line":14,"column":0},"end":{"line":14,"column":15}},"3":{"start":{"line":15,"column":0},"end":{"line":15,"column":33}},"4":{"start":{"line":17,"column":22},"end":{"line":17,"column":38}},"5":{"start":{"line":18,"column":9},"end":{"line":18,"column":29}},"6":{"start":{"line":20,"column":0},"end":{"line":22,"column":2}},"7":{"start":{"line":21,"column":4},"end":{"line":21,"column":48}},"8":{"start":{"line":24,"column":0},"end":{"line":31,"column":2}},"9":{"start":{"line":25,"column":24},"end":{"line":25,"column":34}},"10":{"start":{"line":26,"column":22},"end":{"line":26,"column":31}},"11":{"start":{"line":27,"column":4},"end":{"line":30,"column":67}},"12":{"start":{"line":33,"column":0},"end":{"line":38,"column":2}},"13":{"start":{"line":34,"column":4},"end":{"line":37,"column":60}},"14":{"start":{"line":40,"column":0},"end":{"line":51,"column":2}},"15":{"start":{"line":41,"column":4},"end":{"line":50,"column":5}},"16":{"start":{"line":42,"column":8},"end":{"line":42,"column":53}},"17":{"start":{"line":43,"column":8},"end":{"line":43,"column":11}},"18":{"start":{"line":44,"column":8},"end":{"line":46,"column":41}},"19":{"start":{"line":49,"column":8},"end":{"line":49,"column":29}},"20":{"start":{"line":53,"column":0},"end":{"line":57,"column":2}},"21":{"start":{"line":54,"column":4},"end":{"line":56,"column":31}},"22":{"start":{"line":59,"column":0},"end":{"line":69,"column":2}},"23":{"start":{"line":60,"column":20},"end":{"line":60,"column":70}},"24":{"start":{"line":61,"column":19},"end":{"line":68,"column":6}},"25":{"start":{"line":62,"column":8},"end":{"line":65,"column":43}},"26":{"start":{"line":64,"column":32},"end":{"line":64,"column":44}},"27":{"start":{"line":65,"column":31},"end":{"line":65,"column":42}},"28":{"start":{"line":67,"column":8},"end":{"line":67,"column":37}},"29":{"start":{"line":71,"column":16},"end":{"line":71,"column":18}},"30":{"start":{"line":72,"column":25},"end":{"line":92,"column":1}},"31":{"start":{"line":73,"column":4},"end":{"line":91,"column":5}},"32":{"start":{"line":75,"column":24},"end":{"line":75,"column":36}},"33":{"start":{"line":76,"column":12},"end":{"line":76,"column":63}},"34":{"start":{"line":77,"column":12},"end":{"line":77,"column":33}},"35":{"start":{"line":78,"column":12},"end":{"line":78,"column":25}},"36":{"start":{"line":80,"column":28},"end":{"line":80,"column":40}},"37":{"start":{"line":81,"column":12},"end":{"line":85,"column":14}},"38":{"start":{"line":82,"column":16},"end":{"line":84,"column":17}},"39":{"start":{"line":83,"column":20},"end":{"line":83,"column":44}},"40":{"start":{"line":86,"column":12},"end":{"line":86,"column":29}},"41":{"start":{"line":88,"column":12},"end":{"line":88,"column":31}},"42":{"start":{"line":90,"column":12},"end":{"line":90,"column":24}},"43":{"start":{"line":94,"column":16},"end":{"line":101,"column":1}},"44":{"start":{"line":95,"column":4},"end":{"line":100,"column":5}},"45":{"start":{"line":96,"column":8},"end":{"line":99,"column":9}},"46":{"start":{"line":97,"column":12},"end":{"line":97,"column":32}},"47":{"start":{"line":98,"column":12},"end":{"line":98,"column":26}},"48":{"start":{"line":103,"column":0},"end":{"line":136,"column":2}},"49":{"start":{"line":105,"column":4},"end":{"line":105,"column":57}},"50":{"start":{"line":107,"column":4},"end":{"line":107,"column":33}},"51":{"start":{"line":108,"column":4},"end":{"line":108,"column":48}},"52":{"start":{"line":111,"column":4},"end":{"line":121,"column":6}},"53":{"start":{"line":112,"column":8},"end":{"line":112,"column":69}},"54":{"start":{"line":114,"column":20},"end":{"line":114,"column":24}},"55":{"start":{"line":115,"column":8},"end":{"line":120,"column":9}},"56":{"start":{"line":116,"column":12},"end":{"line":116,"column":56}},"57":{"start":{"line":117,"column":12},"end":{"line":117,"column":97}},"58":{"start":{"line":118,"column":12},"end":{"line":118,"column":81}},"59":{"start":{"line":123,"column":4},"end":{"line":126,"column":6}},"60":{"start":{"line":124,"column":8},"end":{"line":124,"column":85}},"61":{"start":{"line":125,"column":8},"end":{"line":125,"column":113}},"62":{"start":{"line":128,"column":4},"end":{"line":133,"column":6}},"63":{"start":{"line":130,"column":8},"end":{"line":130,"column":79}},"64":{"start":{"line":131,"column":8},"end":{"line":131,"column":50}},"65":{"start":{"line":146,"column":0},"end":{"line":150,"column":1}},"66":{"start":{"line":147,"column":4},"end":{"line":149,"column":6}},"67":{"start":{"line":148,"column":8},"end":{"line":148,"column":57}}},"fnMap":{"0":{"name":"(anonymous_0)","decl":{"start":{"line":20,"column":13},"end":{"line":20,"column":14}},"loc":{"start":{"line":20,"column":27},"end":{"line":22,"column":1}},"line":20},"1":{"name":"(anonymous_1)","decl":{"start":{"line":24,"column":27},"end":{"line":24,"column":28}},"loc":{"start":{"line":24,"column":47},"end":{"line":31,"column":1}},"line":24},"2":{"name":"(anonymous_2)","decl":{"start":{"line":33,"column":21},"end":{"line":33,"column":22}},"loc":{"start":{"line":33,"column":41},"end":{"line":38,"column":1}},"line":33},"3":{"name":"(anonymous_3)","decl":{"start":{"line":40,"column":23},"end":{"line":40,"column":24}},"loc":{"start":{"line":40,"column":43},"end":{"line":51,"column":1}},"line":40},"4":{"name":"(anonymous_4)","decl":{"start":{"line":53,"column":16},"end":{"line":53,"column":17}},"loc":{"start":{"line":53,"column":36},"end":{"line":57,"column":1}},"line":53},"5":{"name":"(anonymous_5)","decl":{"start":{"line":59,"column":21},"end":{"line":59,"column":22}},"loc":{"start":{"line":59,"column":41},"end":{"line":69,"column":1}},"line":59},"6":{"name":"(anonymous_6)","decl":{"start":{"line":61,"column":37},"end":{"line":61,"column":38}},"loc":{"start":{"line":61,"column":64},"end":{"line":68,"column":5}},"line":61},"7":{"name":"(anonymous_7)","decl":{"start":{"line":64,"column":26},"end":{"line":64,"column":27}},"loc":{"start":{"line":64,"column":32},"end":{"line":64,"column":44}},"line":64},"8":{"name":"(anonymous_8)","decl":{"start":{"line":65,"column":25},"end":{"line":65,"column":26}},"loc":{"start":{"line":65,"column":31},"end":{"line":65,"column":42}},"line":65},"9":{"name":"(anonymous_9)","decl":{"start":{"line":72,"column":25},"end":{"line":72,"column":26}},"loc":{"start":{"line":72,"column":63},"end":{"line":92,"column":1}},"line":72},"10":{"name":"(anonymous_10)","decl":{"start":{"line":81,"column":38},"end":{"line":81,"column":39}},"loc":{"start":{"line":81,"column":59},"end":{"line":85,"column":13}},"line":81},"11":{"name":"(anonymous_11)","decl":{"start":{"line":94,"column":16},"end":{"line":94,"column":17}},"loc":{"start":{"line":94,"column":35},"end":{"line":101,"column":1}},"line":94},"12":{"name":"(anonymous_12)","decl":{"start":{"line":103,"column":20},"end":{"line":103,"column":21}},"loc":{"start":{"line":103,"column":38},"end":{"line":136,"column":1}},"line":103},"13":{"name":"(anonymous_13)","decl":{"start":{"line":111,"column":25},"end":{"line":111,"column":26}},"loc":{"start":{"line":111,"column":52},"end":{"line":121,"column":5}},"line":111},"14":{"name":"(anonymous_14)","decl":{"start":{"line":123,"column":32},"end":{"line":123,"column":33}},"loc":{"start":{"line":123,"column":45},"end":{"line":126,"column":5}},"line":123},"15":{"name":"(anonymous_15)","decl":{"start":{"line":128,"column":28},"end":{"line":128,"column":29}},"loc":{"start":{"line":128,"column":34},"end":{"line":133,"column":5}},"line":128},"16":{"name":"(anonymous_16)","decl":{"start":{"line":147,"column":33},"end":{"line":147,"column":34}},"loc":{"start":{"line":147,"column":39},"end":{"line":149,"column":5}},"line":147}},"branchMap":{"0":{"loc":{"start":{"line":72,"column":26},"end":{"line":72,"column":50}},"type":"default-arg","locations":[{"start":{"line":72,"column":34},"end":{"line":72,"column":50}}],"line":72},"1":{"loc":{"start":{"line":73,"column":4},"end":{"line":91,"column":5}},"type":"switch","locations":[{"start":{"line":74,"column":8},"end":{"line":78,"column":25}},{"start":{"line":79,"column":8},"end":{"line":86,"column":29}},{"start":{"line":87,"column":8},"end":{"line":88,"column":31}},{"start":{"line":89,"column":8},"end":{"line":90,"column":24}}],"line":73},"2":{"loc":{"start":{"line":82,"column":16},"end":{"line":84,"column":17}},"type":"if","locations":[{"start":{"line":82,"column":16},"end":{"line":84,"column":17}},{"start":{"line":82,"column":16},"end":{"line":84,"column":17}}],"line":82},"3":{"loc":{"start":{"line":96,"column":8},"end":{"line":99,"column":9}},"type":"if","locations":[{"start":{"line":96,"column":8},"end":{"line":99,"column":9}},{"start":{"line":96,"column":8},"end":{"line":99,"column":9}}],"line":96},"4":{"loc":{"start":{"line":115,"column":8},"end":{"line":120,"column":9}},"type":"if","locations":[{"start":{"line":115,"column":8},"end":{"line":120,"column":9}},{"start":{"line":115,"column":8},"end":{"line":120,"column":9}}],"line":115},"5":{"loc":{"start":{"line":115,"column":12},"end":{"line":115,"column":47}},"type":"binary-expr","locations":[{"start":{"line":115,"column":12},"end":{"line":115,"column":24}},{"start":{"line":115,"column":28},"end":{"line":115,"column":47}}],"line":115},"6":{"loc":{"start":{"line":146,"column":0},"end":{"line":150,"column":1}},"type":"if","locations":[{"start":{"line":146,"column":0},"end":{"line":150,"column":1}},{"start":{"line":146,"column":0},"end":{"line":150,"column":1}}],"line":146}},"s":{"0":1,"1":1,"2":1,"3":1,"4":1,"5":1,"6":1,"7":0,"8":1,"9":1,"10":1,"11":1,"12":1,"13":1,"14":1,"15":1,"16":1,"17":1,"18":1,"19":1,"20":1,"21":1,"22":1,"23":1,"24":1,"25":1,"26":0,"27":0,"28":1,"29":1,"30":1,"31":0,"32":0,"33":0,"34":0,"35":0,"36":0,"37":0,"38":0,"39":0,"40":0,"41":0,"42":0,"43":1,"44":0,"45":0,"46":0,"47":0,"48":1,"49":0,"50":0,"51":0,"52":0,"53":0,"54":0,"55":0,"56":0,"57":0,"58":0,"59":0,"60":0,"61":0,"62":0,"63":0,"64":0,"65":1,"66":0,"67":0},"f":{"0":0,"1":1,"2":1,"3":1,"4":1,"5":1,"6":1,"7":0,"8":0,"9":0,"10":0,"11":0,"12":0,"13":0,"14":0,"15":0,"16":0},"b":{"0":[0],"1":[0,0,0,0],"2":[0,0],"3":[0,0],"4":[0,0],"5":[0,0],"6":[0,1]},"_coverageSchema":"43e27e138ebf9cfc5966b082cf9a028302ed4184","hash":"3e01f508988faea939d5fd2af38166a2e82945fd"}
,"/Users/casewylie/Playground/CacheApp/frontend/Cache/redis-client.js": {"path":"/Users/casewylie/Playground/CacheApp/frontend/Cache/redis-client.js","statementMap":{"0":{"start":{"line":5,"column":15},"end":{"line":5,"column":26}},"1":{"start":{"line":6,"column":0},"end":{"line":6,"column":30}},"2":{"start":{"line":7,"column":0},"end":{"line":7,"column":29}},"3":{"start":{"line":10,"column":24},"end":{"line":14,"column":1}},"4":{"start":{"line":11,"column":4},"end":{"line":13,"column":6}},"5":{"start":{"line":12,"column":8},"end":{"line":12,"column":73}},"6":{"start":{"line":12,"column":39},"end":{"line":12,"column":72}},"7":{"start":{"line":16,"column":24},"end":{"line":16,"column":58}},"8":{"start":{"line":18,"column":24},"end":{"line":18,"column":58}},"9":{"start":{"line":20,"column":25},"end":{"line":20,"column":60}},"10":{"start":{"line":23,"column":24},"end":{"line":45,"column":1}},"11":{"start":{"line":24,"column":15},"end":{"line":24,"column":17}},"12":{"start":{"line":26,"column":17},"end":{"line":28,"column":6}},"13":{"start":{"line":30,"column":4},"end":{"line":43,"column":6}},"14":{"start":{"line":32,"column":8},"end":{"line":36,"column":11}},"15":{"start":{"line":33,"column":12},"end":{"line":35,"column":13}},"16":{"start":{"line":33,"column":25},"end":{"line":33,"column":26}},"17":{"start":{"line":34,"column":16},"end":{"line":34,"column":41}},"18":{"start":{"line":38,"column":8},"end":{"line":42,"column":10}},"19":{"start":{"line":39,"column":12},"end":{"line":41,"column":42}},"20":{"start":{"line":39,"column":68},"end":{"line":39,"column":93}},"21":{"start":{"line":40,"column":29},"end":{"line":40,"column":41}},"22":{"start":{"line":41,"column":30},"end":{"line":41,"column":41}}},"fnMap":{"0":{"name":"(anonymous_0)","decl":{"start":{"line":10,"column":24},"end":{"line":10,"column":25}},"loc":{"start":{"line":10,"column":31},"end":{"line":14,"column":1}},"line":10},"1":{"name":"(anonymous_1)","decl":{"start":{"line":11,"column":23},"end":{"line":11,"column":24}},"loc":{"start":{"line":11,"column":44},"end":{"line":13,"column":5}},"line":11},"2":{"name":"(anonymous_2)","decl":{"start":{"line":12,"column":24},"end":{"line":12,"column":25}},"loc":{"start":{"line":12,"column":39},"end":{"line":12,"column":72}},"line":12},"3":{"name":"(anonymous_3)","decl":{"start":{"line":23,"column":24},"end":{"line":23,"column":25}},"loc":{"start":{"line":23,"column":36},"end":{"line":45,"column":1}},"line":23},"4":{"name":"(anonymous_4)","decl":{"start":{"line":30,"column":23},"end":{"line":30,"column":24}},"loc":{"start":{"line":30,"column":44},"end":{"line":43,"column":5}},"line":30},"5":{"name":"(anonymous_5)","decl":{"start":{"line":32,"column":26},"end":{"line":32,"column":27}},"loc":{"start":{"line":32,"column":40},"end":{"line":36,"column":9}},"line":32},"6":{"name":"(anonymous_6)","decl":{"start":{"line":38,"column":25},"end":{"line":38,"column":26}},"loc":{"start":{"line":38,"column":31},"end":{"line":42,"column":9}},"line":38},"7":{"name":"(anonymous_7)","decl":{"start":{"line":39,"column":46},"end":{"line":39,"column":47}},"loc":{"start":{"line":39,"column":68},"end":{"line":39,"column":93}},"line":39},"8":{"name":"(anonymous_8)","decl":{"start":{"line":40,"column":22},"end":{"line":40,"column":23}},"loc":{"start":{"line":40,"column":29},"end":{"line":40,"column":41}},"line":40},"9":{"name":"(anonymous_9)","decl":{"start":{"line":41,"column":23},"end":{"line":41,"column":24}},"loc":{"start":{"line":41,"column":30},"end":{"line":41,"column":41}},"line":41}},"branchMap":{"0":{"loc":{"start":{"line":12,"column":39},"end":{"line":12,"column":72}},"type":"cond-expr","locations":[{"start":{"line":12,"column":45},"end":{"line":12,"column":56}},{"start":{"line":12,"column":59},"end":{"line":12,"column":72}}],"line":12}},"s":{"0":1,"1":1,"2":1,"3":1,"4":1,"5":1,"6":1,"7":1,"8":1,"9":1,"10":1,"11":1,"12":1,"13":1,"14":1,"15":1,"16":1,"17":1,"18":1,"19":1,"20":1,"21":1,"22":0},"f":{"0":1,"1":1,"2":1,"3":1,"4":1,"5":1,"6":1,"7":1,"8":1,"9":0},"b":{"0":[0,1]},"_coverageSchema":"43e27e138ebf9cfc5966b082cf9a028302ed4184","hash":"54d88bb4d4ab67b3f47dc632a7174ee43e3e7fc4"}
,"/Users/casewylie/Playground/CacheApp/frontend/Cache/libs/index.js": {"path":"/Users/casewylie/Playground/CacheApp/frontend/Cache/libs/index.js","statementMap":{},"fnMap":{},"branchMap":{},"s":{},"f":{},"b":{},"_coverageSchema":"43e27e138ebf9cfc5966b082cf9a028302ed4184","hash":"fc8f144d2a80f7badd58a5b36626c046d47fe81c"}
,"/Users/casewylie/Playground/CacheApp/frontend/Cache/libs/log-lib.js": {"path":"/Users/casewylie/Playground/CacheApp/frontend/Cache/libs/log-lib.js","statementMap":{"0":{"start":{"line":1,"column":23},"end":{"line":1,"column":30}}},"fnMap":{},"branchMap":{},"s":{"0":1},"f":{},"b":{},"_coverageSchema":"43e27e138ebf9cfc5966b082cf9a028302ed4184","hash":"5245968922740ef0b98bf42a0efd72d3da7ca5ea"}
}
